<?xml version="1.0" encoding="UTF-8"?>
<testng-results ignored="0" total="6" passed="6" failed="0" skipped="0">
  <reporter-output>
  </reporter-output>
  <suite started-at="2019-09-11T19:57:32 IST" name="Suite" finished-at="2019-09-11T19:58:33 IST" duration-ms="60935">
    <groups>
    </groups>
    <test started-at="2019-09-11T19:57:32 IST" name="Test" finished-at="2019-09-11T19:58:33 IST" duration-ms="60935">
      <class name="com.atmecs.practo.testscripts.RemoveFromCart">
        <test-method is-config="true" signature="setup()[pri:0, instance:com.atmecs.practo.testscripts.RemoveFromCart@376b4233]" started-at="2019-09-11T19:57:32 IST" name="setup" finished-at="2019-09-11T19:57:47 IST" duration-ms="15245" status="PASS">
          <reporter-output>
          </reporter-output>
        </test-method> <!-- setup -->
        <test-method signature="diagnostics()[pri:1, instance:com.atmecs.practo.testscripts.RemoveFromCart@376b4233]" started-at="2019-09-11T19:57:47 IST" name="diagnostics" finished-at="2019-09-11T19:58:30 IST" duration-ms="42440" status="PASS">
          <reporter-output>
          </reporter-output>
        </test-method> <!-- diagnostics -->
        <test-method signature="softAssertion()[pri:2, instance:com.atmecs.practo.testscripts.RemoveFromCart@376b4233]" started-at="2019-09-11T19:58:30 IST" name="softAssertion" finished-at="2019-09-11T19:58:30 IST" duration-ms="42" status="PASS">
          <reporter-output>
          </reporter-output>
        </test-method> <!-- softAssertion -->
        <test-method signature="yourcart()[pri:3, instance:com.atmecs.practo.testscripts.RemoveFromCart@376b4233]" started-at="2019-09-11T19:58:30 IST" name="yourcart" finished-at="2019-09-11T19:58:33 IST" duration-ms="3112" status="PASS">
          <reporter-output>
          </reporter-output>
        </test-method> <!-- yourcart -->
        <test-method signature="hardAssertion()[pri:4, instance:com.atmecs.practo.testscripts.RemoveFromCart@376b4233]" started-at="2019-09-11T19:58:33 IST" name="hardAssertion" finished-at="2019-09-11T19:58:33 IST" duration-ms="45" status="PASS">
          <reporter-output>
          </reporter-output>
        </test-method> <!-- hardAssertion -->
      </class> <!-- com.atmecs.practo.testscripts.RemoveFromCart -->
    </test> <!-- Test -->
  </suite> <!-- Suite -->
  <suite started-at="2019-09-11T19:58:33 IST" name="Suite (0)" finished-at="2019-09-11T19:59:32 IST" duration-ms="59006">
    <groups>
    </groups>
    <test started-at="2019-09-11T19:58:33 IST" name="Test" finished-at="2019-09-11T19:59:32 IST" duration-ms="59006">
      <class name="com.atmecs.practo.testscripts.AddToCart">
        <test-method is-config="true" signature="setup()[pri:0, instance:com.atmecs.practo.testscripts.AddToCart@73d4cc9e]" started-at="2019-09-11T19:58:33 IST" name="setup" finished-at="2019-09-11T19:58:47 IST" duration-ms="13764" status="PASS">
          <reporter-output>
          </reporter-output>
        </test-method> <!-- setup -->
        <test-method signature="diagnostics()[pri:1, instance:com.atmecs.practo.testscripts.AddToCart@73d4cc9e]" started-at="2019-09-11T19:58:47 IST" name="diagnostics" finished-at="2019-09-11T19:59:32 IST" duration-ms="45198" status="PASS">
          <reporter-output>
          </reporter-output>
        </test-method> <!-- diagnostics -->
        <test-method signature="softAssertion()[pri:2, instance:com.atmecs.practo.testscripts.AddToCart@73d4cc9e]" started-at="2019-09-11T19:59:32 IST" name="softAssertion" finished-at="2019-09-11T19:59:32 IST" duration-ms="43" status="PASS">
          <reporter-output>
          </reporter-output>
        </test-method> <!-- softAssertion -->
      </class> <!-- com.atmecs.practo.testscripts.AddToCart -->
    </test> <!-- Test -->
  </suite> <!-- Suite (0) -->
  <suite started-at="2019-09-11T19:59:32 IST" name="Practo" finished-at="2019-09-11T19:59:32 IST" duration-ms="0">
    <groups>
    </groups>
  </suite> <!-- Practo -->
</testng-results>
