<?xml version="1.0" encoding="UTF-8"?>
<!-- Generated by org.testng.reporters.JUnitXMLReporter -->
<testsuite ignored="0" hostname="ATMECSINDT-080" failures="0" tests="4" name="Default test" time="56.514" errors="0" timestamp="11 Sep 2019 14:14:19 GMT">
  <testcase classname="com.atmecs.practo.testscripts.AddToCart" name="diagnostics" time="39.995"/>
  <testcase classname="com.atmecs.practo.testscripts.AddToCart" name="softAssertion" time="0.065"/>
  <testcase classname="com.atmecs.practo.testscripts.RemoveFromCart" name="yourcart" time="3.11"/>
  <testcase classname="com.atmecs.practo.testscripts.RemoveFromCart" name="hardAssertion" time="0.055"/>
</testsuite> <!-- Default test -->
