<?xml version="1.0" encoding="UTF-8"?>
<!-- Generated by org.testng.reporters.JUnitXMLReporter -->
<testsuite ignored="0" hostname="ATMECSINDT-080" failures="0" tests="4" name="Test" time="60.935" errors="0" timestamp="2019-09-11T19:58:33 IST">
  <testcase classname="com.atmecs.practo.testscripts.AddToCart" name="diagnostics" time="42.44"/>
  <testcase classname="com.atmecs.practo.testscripts.AddToCart" name="softAssertion" time="0.042"/>
  <testcase classname="com.atmecs.practo.testscripts.RemoveFromCart" name="yourcart" time="3.112"/>
  <testcase classname="com.atmecs.practo.testscripts.RemoveFromCart" name="hardAssertion" time="0.045"/>
</testsuite> <!-- Test -->
