<?xml version="1.0" encoding="UTF-8"?>
<testng-results ignored="0" total="4" passed="4" failed="0" skipped="0">
  <reporter-output>
  </reporter-output>
  <suite started-at="2019-09-11T14:13:22Z" name="Default suite" finished-at="2019-09-11T14:14:19Z" duration-ms="56514">
    <groups>
    </groups>
    <test started-at="2019-09-11T14:13:22Z" name="Default test" finished-at="2019-09-11T14:14:19Z" duration-ms="56514">
      <class name="com.atmecs.practo.testscripts.RemoveFromCart">
        <test-method is-config="true" signature="setup()[pri:0, instance:com.atmecs.practo.testscripts.RemoveFromCart@6646153]" started-at="2019-09-11T14:13:22Z" name="setup" finished-at="2019-09-11T14:13:35Z" duration-ms="13234" status="PASS">
          <reporter-output>
          </reporter-output>
        </test-method> <!-- setup -->
        <test-method signature="diagnostics()[pri:1, instance:com.atmecs.practo.testscripts.RemoveFromCart@6646153]" started-at="2019-09-11T14:13:35Z" name="diagnostics" finished-at="2019-09-11T14:14:15Z" duration-ms="39995" status="PASS">
          <reporter-output>
          </reporter-output>
        </test-method> <!-- diagnostics -->
        <test-method signature="softAssertion()[pri:2, instance:com.atmecs.practo.testscripts.RemoveFromCart@6646153]" started-at="2019-09-11T14:14:15Z" name="softAssertion" finished-at="2019-09-11T14:14:16Z" duration-ms="65" status="PASS">
          <reporter-output>
          </reporter-output>
        </test-method> <!-- softAssertion -->
        <test-method signature="yourcart()[pri:3, instance:com.atmecs.practo.testscripts.RemoveFromCart@6646153]" started-at="2019-09-11T14:14:16Z" name="yourcart" finished-at="2019-09-11T14:14:19Z" duration-ms="3110" status="PASS">
          <reporter-output>
          </reporter-output>
        </test-method> <!-- yourcart -->
        <test-method signature="hardAssertion()[pri:4, instance:com.atmecs.practo.testscripts.RemoveFromCart@6646153]" started-at="2019-09-11T14:14:19Z" name="hardAssertion" finished-at="2019-09-11T14:14:19Z" duration-ms="55" status="PASS">
          <reporter-output>
          </reporter-output>
        </test-method> <!-- hardAssertion -->
      </class> <!-- com.atmecs.practo.testscripts.RemoveFromCart -->
    </test> <!-- Default test -->
  </suite> <!-- Default suite -->
</testng-results>
